# JRE version: Java(TM) SE Runtime Environment (8.0_31-b13) (build 1.8.0_31-b13)
# Java VM: Java HotSpot(TM) 64-Bit Server VM (25.31-b07 mixed mode linux-amd64 compressed oops)
Heap:
 def new generation   total 4992K, used 4710K [0x00000000f0600000, 0x00000000f0b60000, 0x00000000f5950000)
  eden space 4480K,  94% used [0x00000000f0600000, 0x00000000f0a22788, 0x00000000f0a60000)
  from space 512K,  93% used [0x00000000f0ae0000, 0x00000000f0b57150, 0x00000000f0b60000)
  to   space 512K,   0% used [0x00000000f0a60000, 0x00000000f0a60000, 0x00000000f0ae0000)
 tenured generation   total 19140K, used 13632K [0x00000000f5950000, 0x00000000f6c01000, 0x0000000100000000)
   the space 19140K,  71% used [0x00000000f5950000, 0x00000000f66a02f8, 0x00000000f66a0400, 0x00000000f6c01000)
 Metaspace       used 18317K, capacity 19428K, committed 19584K, reserved 1067008K
  class space    used 2710K, capacity 2895K, committed 2944K, reserved 1048576K
GC Heap History (10 events):
Event: 3.658 GC heap before
{Heap before GC invocations=5 (full 0):
 def new generation   total 4928K, used 4700K [0x00000000f0600000, 0x00000000f0b50000, 0x00000000f5950000)
  eden space 4416K, 100% used [0x00000000f0600000, 0x00000000f0a50000, 0x00000000f0a50000)
  from space 512K,  55% used [0x00000000f0ad0000, 0x00000000f0b17078, 0x00000000f0b50000)
  to   space 512K,   0% used [0x00000000f0a50000, 0x00000000f0a50000, 0x00000000f0ad0000)
 tenured generation   total 10944K, used 2943K [0x00000000f5950000, 0x00000000f6400000, 0x0000000100000000)
   the space 10944K,  26% used [0x00000000f5950000, 0x00000000f5c2fd78, 0x00000000f5c2fe00, 0x00000000f6400000)
 Metaspace       used 14345K, capacity 14826K, committed 14976K, reserved 1062912K
  class space    used 2005K, capacity 2141K, committed 2176K, reserved 1048576K
Event: 3.665 GC heap after
Heap after GC invocations=6 (full 0):
 def new generation   total 4928K, used 424K [0x00000000f0600000, 0x00000000f0b50000, 0x00000000f5950000)
  eden space 4416K,   0% used [0x00000000f0600000, 0x00000000f0600000, 0x00000000f0a50000)
  from space 512K,  82% used [0x00000000f0a50000, 0x00000000f0aba020, 0x00000000f0ad0000)
  to   space 512K,   0% used [0x00000000f0ad0000, 0x00000000f0ad0000, 0x00000000f0b50000)
 tenured generation   total 10944K, used 3193K [0x00000000f5950000, 0x00000000f6400000, 0x0000000100000000)
   the space 10944K,  29% used [0x00000000f5950000, 0x00000000f5c6e460, 0x00000000f5c6e600, 0x00000000f6400000)
 Metaspace       used 14345K, capacity 14826K, committed 14976K, reserved 1062912K
  class space    used 2005K, capacity 2141K, committed 2176K, reserved 1048576K
}
Event: 4.277 GC heap before
{Heap before GC invocations=6 (full 0):
 def new generation   total 4928K, used 4076K [0x00000000f0600000, 0x00000000f0b50000, 0x00000000f5950000)
  eden space 4416K,  82% used [0x00000000f0600000, 0x00000000f0991198, 0x00000000f0a50000)
  from space 512K,  82% used [0x00000000f0a50000, 0x00000000f0aba020, 0x00000000f0ad0000)
  to   space 512K,   0% used [0x00000000f0ad0000, 0x00000000f0ad0000, 0x00000000f0b50000)
 tenured generation   total 10944K, used 3193K [0x00000000f5950000, 0x00000000f6400000, 0x0000000100000000)
   the space 10944K,  29% used [0x00000000f5950000, 0x00000000f5c6e460, 0x00000000f5c6e600, 0x00000000f6400000)
 Metaspace       used 15685K, capacity 16180K, committed 16256K, reserved 1062912K
  class space    used 2277K, capacity 2384K, committed 2432K, reserved 1048576K
Event: 4.341 GC heap after
Heap after GC invocations=7 (full 1):
 def new generation   total 4992K, used 0K [0x00000000f0600000, 0x00000000f0b60000, 0x00000000f5950000)
  eden space 4480K,   0% used [0x00000000f0600000, 0x00000000f0600000, 0x00000000f0a60000)
  from space 512K,   0% used [0x00000000f0a60000, 0x00000000f0a60000, 0x00000000f0ae0000)
  to   space 512K,   0% used [0x00000000f0ae0000, 0x00000000f0ae0000, 0x00000000f0b60000)
 tenured generation   total 10944K, used 4652K [0x00000000f5950000, 0x00000000f6400000, 0x0000000100000000)
   the space 10944K,  42% used [0x00000000f5950000, 0x00000000f5ddb270, 0x00000000f5ddb400, 0x00000000f6400000)
 Metaspace       used 15683K, capacity 16178K, committed 16256K, reserved 1062912K
  class space    used 2276K, capacity 2383K, committed 2432K, reserved 1048576K
}
Event: 14.246 GC heap before
{Heap before GC invocations=7 (full 1):
 def new generation   total 4992K, used 4480K [0x00000000f0600000, 0x00000000f0b60000, 0x00000000f5950000)
  eden space 4480K, 100% used [0x00000000f0600000, 0x00000000f0a60000, 0x00000000f0a60000)
  from space 512K,   0% used [0x00000000f0a60000, 0x00000000f0a60000, 0x00000000f0ae0000)
  to   space 512K,   0% used [0x00000000f0ae0000, 0x00000000f0ae0000, 0x00000000f0b60000)
 tenured generation   total 19140K, used 12844K [0x00000000f5950000, 0x00000000f6c01000, 0x0000000100000000)
   the space 19140K,  67% used [0x00000000f5950000, 0x00000000f65db280, 0x00000000f65db400, 0x00000000f6c01000)
 Metaspace       used 16579K, capacity 17238K, committed 17408K, reserved 1064960K
  class space    used 2385K, capacity 2536K, committed 2560K, reserved 1048576K
Event: 14.255 GC heap after
Heap after GC invocations=8 (full 1):
 def new generation   total 4992K, used 511K [0x00000000f0600000, 0x00000000f0b60000, 0x00000000f5950000)
  eden space 4480K,   0% used [0x00000000f0600000, 0x00000000f0600000, 0x00000000f0a60000)
  from space 512K,  99% used [0x00000000f0ae0000, 0x00000000f0b5fff8, 0x00000000f0b60000)
  to   space 512K,   0% used [0x00000000f0a60000, 0x00000000f0a60000, 0x00000000f0ae0000)
 tenured generation   total 19140K, used 13123K [0x00000000f5950000, 0x00000000f6c01000, 0x0000000100000000)
   the space 19140K,  68% used [0x00000000f5950000, 0x00000000f6620c28, 0x00000000f6620e00, 0x00000000f6c01000)
 Metaspace       used 16579K, capacity 17238K, committed 17408K, reserved 1064960K
  class space    used 2385K, capacity 2536K, committed 2560K, reserved 1048576K
}
Event: 14.791 GC heap before
{Heap before GC invocations=8 (full 1):
 def new generation   total 4992K, used 4991K [0x00000000f0600000, 0x00000000f0b60000, 0x00000000f5950000)
  eden space 4480K, 100% used [0x00000000f0600000, 0x00000000f0a60000, 0x00000000f0a60000)
  from space 512K,  99% used [0x00000000f0ae0000, 0x00000000f0b5fff8, 0x00000000f0b60000)
  to   space 512K,   0% used [0x00000000f0a60000, 0x00000000f0a60000, 0x00000000f0ae0000)
 tenured generation   total 19140K, used 13123K [0x00000000f5950000, 0x00000000f6c01000, 0x0000000100000000)
   the space 19140K,  68% used [0x00000000f5950000, 0x00000000f6620c28, 0x00000000f6620e00, 0x00000000f6c01000)
 Metaspace       used 16782K, capacity 17458K, committed 17792K, reserved 1064960K
  class space    used 2433K, capacity 2580K, committed 2688K, reserved 1048576K
Event: 14.795 GC heap after
Heap after GC invocations=9 (full 1):
 def new generation   total 4992K, used 151K [0x00000000f0600000, 0x00000000f0b60000, 0x00000000f5950000)
  eden space 4480K,   0% used [0x00000000f0600000, 0x00000000f0600000, 0x00000000f0a60000)
  from space 512K,  29% used [0x00000000f0a60000, 0x00000000f0a85de0, 0x00000000f0ae0000)
  to   space 512K,   0% used [0x00000000f0ae0000, 0x00000000f0ae0000, 0x00000000f0b60000)
 tenured generation   total 19140K, used 13632K [0x00000000f5950000, 0x00000000f6c01000, 0x0000000100000000)
   the space 19140K,  71% used [0x00000000f5950000, 0x00000000f66a02f8, 0x00000000f66a0400, 0x00000000f6c01000)
 Metaspace       used 16782K, capacity 17458K, committed 17792K, reserved 1064960K
  class space    used 2433K, capacity 2580K, committed 2688K, reserved 1048576K
}
Event: 16.027 GC heap before
{Heap before GC invocations=9 (full 1):
 def new generation   total 4992K, used 4631K [0x00000000f0600000, 0x00000000f0b60000, 0x00000000f5950000)
  eden space 4480K, 100% used [0x00000000f0600000, 0x00000000f0a60000, 0x00000000f0a60000)
  from space 512K,  29% used [0x00000000f0a60000, 0x00000000f0a85de0, 0x00000000f0ae0000)
  to   space 512K,   0% used [0x00000000f0ae0000, 0x00000000f0ae0000, 0x00000000f0b60000)
 tenured generation   total 19140K, used 13632K [0x00000000f5950000, 0x00000000f6c01000, 0x0000000100000000)
   the space 19140K,  71% used [0x00000000f5950000, 0x00000000f66a02f8, 0x00000000f66a0400, 0x00000000f6c01000)
 Metaspace       used 17573K, capacity 18442K, committed 18688K, reserved 1064960K
  class space    used 2592K, capacity 2762K, committed 2816K, reserved 1048576K
Event: 16.038 GC heap after
Heap after GC invocations=10 (full 1):
 def new generation   total 4992K, used 476K [0x00000000f0600000, 0x00000000f0b60000, 0x00000000f5950000)
  eden space 4480K,   0% used [0x00000000f0600000, 0x00000000f0600000, 0x00000000f0a60000)
  from space 512K,  93% used [0x00000000f0ae0000, 0x00000000f0b57150, 0x00000000f0b60000)
  to   space 512K,   0% used [0x00000000f0a60000, 0x00000000f0a60000, 0x00000000f0ae0000)
 tenured generation   total 19140K, used 13632K [0x00000000f5950000, 0x00000000f6c01000, 0x0000000100000000)
   the space 19140K,  71% used [0x00000000f5950000, 0x00000000f66a02f8, 0x00000000f66a0400, 0x00000000f6c01000)
 Metaspace       used 17573K, capacity 18442K, committed 18688K, reserved 1064960K
  class space    used 2592K, capacity 2762K, committed 2816K, reserved 1048576K
}

