# JRE version: Java(TM) SE Runtime Environment (8.0_31-b13) (build 1.8.0_31-b13)
# Java VM: Java HotSpot(TM) 64-Bit Server VM (25.31-b07 mixed mode linux-amd64 compressed oops)
Heap:
 def new generation   total 2560K, used 0K [0x00000000f8200000, 0x00000000f84c0000, 0x00000000fac00000)
  eden space 2304K,   0% used [0x00000000f8200000, 0x00000000f8200000, 0x00000000f8440000)
  from space 256K,   0% used [0x00000000f8440000, 0x00000000f8440000, 0x00000000f8480000)
  to   space 256K,   0% used [0x00000000f8480000, 0x00000000f8480000, 0x00000000f84c0000)
 tenured generation   total 5504K, used 3182K [0x00000000fac00000, 0x00000000fb160000, 0x0000000100000000)
   the space 5504K,  57% used [0x00000000fac00000, 0x00000000faf1bba0, 0x00000000faf1bc00, 0x00000000fb160000)
 Metaspace       used 12557K, capacity 12968K, committed 13056K, reserved 1060864K
  class space    used 1885K, capacity 1973K, committed 2048K, reserved 1048576K
GC Heap History (10 events):
Event: 1.874 GC heap before
{Heap before GC invocations=5 (full 0):
 def new generation   total 2432K, used 2432K [0x00000000f8200000, 0x00000000f84a0000, 0x00000000fac00000)
  eden space 2176K, 100% used [0x00000000f8200000, 0x00000000f8420000, 0x00000000f8420000)
  from space 256K, 100% used [0x00000000f8460000, 0x00000000f84a0000, 0x00000000f84a0000)
  to   space 256K,   0% used [0x00000000f8420000, 0x00000000f8420000, 0x00000000f8460000)
 tenured generation   total 5504K, used 1650K [0x00000000fac00000, 0x00000000fb160000, 0x0000000100000000)
   the space 5504K,  29% used [0x00000000fac00000, 0x00000000fad9c800, 0x00000000fad9c800, 0x00000000fb160000)
 Metaspace       used 8935K, capacity 9314K, committed 9600K, reserved 1056768K
  class space    used 1233K, capacity 1322K, committed 1408K, reserved 1048576K
Event: 1.879 GC heap after
Heap after GC invocations=6 (full 0):
 def new generation   total 2432K, used 255K [0x00000000f8200000, 0x00000000f84a0000, 0x00000000fac00000)
  eden space 2176K,   0% used [0x00000000f8200000, 0x00000000f8200000, 0x00000000f8420000)
  from space 256K,  99% used [0x00000000f8420000, 0x00000000f845fff0, 0x00000000f8460000)
  to   space 256K,   0% used [0x00000000f8460000, 0x00000000f8460000, 0x00000000f84a0000)
 tenured generation   total 5504K, used 1900K [0x00000000fac00000, 0x00000000fb160000, 0x0000000100000000)
   the space 5504K,  34% used [0x00000000fac00000, 0x00000000faddb3a0, 0x00000000faddb400, 0x00000000fb160000)
 Metaspace       used 8935K, capacity 9314K, committed 9600K, reserved 1056768K
  class space    used 1233K, capacity 1322K, committed 1408K, reserved 1048576K
}
Event: 2.091 GC heap before
{Heap before GC invocations=6 (full 0):
 def new generation   total 2432K, used 2431K [0x00000000f8200000, 0x00000000f84a0000, 0x00000000fac00000)
  eden space 2176K, 100% used [0x00000000f8200000, 0x00000000f8420000, 0x00000000f8420000)
  from space 256K,  99% used [0x00000000f8420000, 0x00000000f845fff0, 0x00000000f8460000)
  to   space 256K,   0% used [0x00000000f8460000, 0x00000000f8460000, 0x00000000f84a0000)
 tenured generation   total 5504K, used 1900K [0x00000000fac00000, 0x00000000fb160000, 0x0000000100000000)
   the space 5504K,  34% used [0x00000000fac00000, 0x00000000faddb3a0, 0x00000000faddb400, 0x00000000fb160000)
 Metaspace       used 9893K, capacity 10262K, committed 10496K, reserved 1058816K
  class space    used 1389K, capacity 1486K, committed 1536K, reserved 1048576K
Event: 2.097 GC heap after
Heap after GC invocations=7 (full 0):
 def new generation   total 2432K, used 127K [0x00000000f8200000, 0x00000000f84a0000, 0x00000000fac00000)
  eden space 2176K,   0% used [0x00000000f8200000, 0x00000000f8200000, 0x00000000f8420000)
  from space 256K,  49% used [0x00000000f8460000, 0x00000000f847fd58, 0x00000000f84a0000)
  to   space 256K,   0% used [0x00000000f8420000, 0x00000000f8420000, 0x00000000f8460000)
 tenured generation   total 5504K, used 2137K [0x00000000fac00000, 0x00000000fb160000, 0x0000000100000000)
   the space 5504K,  38% used [0x00000000fac00000, 0x00000000fae16758, 0x00000000fae16800, 0x00000000fb160000)
 Metaspace       used 9893K, capacity 10262K, committed 10496K, reserved 1058816K
  class space    used 1389K, capacity 1486K, committed 1536K, reserved 1048576K
}
Event: 2.382 GC heap before
{Heap before GC invocations=7 (full 0):
 def new generation   total 2432K, used 2303K [0x00000000f8200000, 0x00000000f84a0000, 0x00000000fac00000)
  eden space 2176K, 100% used [0x00000000f8200000, 0x00000000f8420000, 0x00000000f8420000)
  from space 256K,  49% used [0x00000000f8460000, 0x00000000f847fd58, 0x00000000f84a0000)
  to   space 256K,   0% used [0x00000000f8420000, 0x00000000f8420000, 0x00000000f8460000)
 tenured generation   total 5504K, used 2137K [0x00000000fac00000, 0x00000000fb160000, 0x0000000100000000)
   the space 5504K,  38% used [0x00000000fac00000, 0x00000000fae16758, 0x00000000fae16800, 0x00000000fb160000)
 Metaspace       used 10836K, capacity 11208K, committed 11392K, reserved 1058816K
  class space    used 1535K, capacity 1627K, committed 1664K, reserved 1048576K
Event: 2.387 GC heap after
Heap after GC invocations=8 (full 0):
 def new generation   total 2432K, used 256K [0x00000000f8200000, 0x00000000f84a0000, 0x00000000fac00000)
  eden space 2176K,   0% used [0x00000000f8200000, 0x00000000f8200000, 0x00000000f8420000)
  from space 256K, 100% used [0x00000000f8420000, 0x00000000f8460000, 0x00000000f8460000)
  to   space 256K,   0% used [0x00000000f8460000, 0x00000000f8460000, 0x00000000f84a0000)
 tenured generation   total 5504K, used 2221K [0x00000000fac00000, 0x00000000fb160000, 0x0000000100000000)
   the space 5504K,  40% used [0x00000000fac00000, 0x00000000fae2b780, 0x00000000fae2b800, 0x00000000fb160000)
 Metaspace       used 10836K, capacity 11208K, committed 11392K, reserved 1058816K
  class space    used 1535K, capacity 1627K, committed 1664K, reserved 1048576K
}
Event: 2.519 GC heap before
{Heap before GC invocations=8 (full 0):
 def new generation   total 2432K, used 2432K [0x00000000f8200000, 0x00000000f84a0000, 0x00000000fac00000)
  eden space 2176K, 100% used [0x00000000f8200000, 0x00000000f8420000, 0x00000000f8420000)
  from space 256K, 100% used [0x00000000f8420000, 0x00000000f8460000, 0x00000000f8460000)
  to   space 256K,   0% used [0x00000000f8460000, 0x00000000f8460000, 0x00000000f84a0000)
 tenured generation   total 5504K, used 2221K [0x00000000fac00000, 0x00000000fb160000, 0x0000000100000000)
   the space 5504K,  40% used [0x00000000fac00000, 0x00000000fae2b780, 0x00000000fae2b800, 0x00000000fb160000)
 Metaspace       used 11670K, capacity 12056K, committed 12160K, reserved 1058816K
  class space    used 1738K, capacity 1833K, committed 1920K, reserved 1048576K
Event: 2.523 GC heap after
Heap after GC invocations=9 (full 0):
 def new generation   total 2432K, used 144K [0x00000000f8200000, 0x00000000f84a0000, 0x00000000fac00000)
  eden space 2176K,   0% used [0x00000000f8200000, 0x00000000f8200000, 0x00000000f8420000)
  from space 256K,  56% used [0x00000000f8460000, 0x00000000f84840a8, 0x00000000f84a0000)
  to   space 256K,   0% used [0x00000000f8420000, 0x00000000f8420000, 0x00000000f8460000)
 tenured generation   total 5504K, used 2472K [0x00000000fac00000, 0x00000000fb160000, 0x0000000100000000)
   the space 5504K,  44% used [0x00000000fac00000, 0x00000000fae6a0f0, 0x00000000fae6a200, 0x00000000fb160000)
 Metaspace       used 11670K, capacity 12056K, committed 12160K, reserved 1058816K
  class space    used 1738K, capacity 1833K, committed 1920K, reserved 1048576K
}
Event: 3.877 GC heap before
{Heap before GC invocations=9 (full 0):
 def new generation   total 2432K, used 2114K [0x00000000f8200000, 0x00000000f84a0000, 0x00000000fac00000)
  eden space 2176K,  90% used [0x00000000f8200000, 0x00000000f83ec9c8, 0x00000000f8420000)
  from space 256K,  56% used [0x00000000f8460000, 0x00000000f84840a8, 0x00000000f84a0000)
  to   space 256K,   0% used [0x00000000f8420000, 0x00000000f8420000, 0x00000000f8460000)
 tenured generation   total 5504K, used 2472K [0x00000000fac00000, 0x00000000fb160000, 0x0000000100000000)
   the space 5504K,  44% used [0x00000000fac00000, 0x00000000fae6a0f0, 0x00000000fae6a200, 0x00000000fb160000)
 Metaspace       used 12559K, capacity 12970K, committed 13056K, reserved 1060864K
  class space    used 1886K, capacity 1974K, committed 2048K, reserved 1048576K
Event: 3.913 GC heap after
Heap after GC invocations=10 (full 1):
 def new generation   total 2560K, used 0K [0x00000000f8200000, 0x00000000f84c0000, 0x00000000fac00000)
  eden space 2304K,   0% used [0x00000000f8200000, 0x00000000f8200000, 0x00000000f8440000)
  from space 256K,   0% used [0x00000000f8440000, 0x00000000f8440000, 0x00000000f8480000)
  to   space 256K,   0% used [0x00000000f8480000, 0x00000000f8480000, 0x00000000f84c0000)
 tenured generation   total 5504K, used 3182K [0x00000000fac00000, 0x00000000fb160000, 0x0000000100000000)
   the space 5504K,  57% used [0x00000000fac00000, 0x00000000faf1bba0, 0x00000000faf1bc00, 0x00000000fb160000)
 Metaspace       used 12557K, capacity 12968K, committed 13056K, reserved 1060864K
  class space    used 1885K, capacity 1973K, committed 2048K, reserved 1048576K
}

